<?xml version="1.0"?><unittest-results tests="17" failedtests="0" failures="0" time="6.499"><test suite="DefaultSuite" name="ArmorTestClass" time="0.047"/><test suite="DefaultSuite" name="CameraTestClass" time="0"/><test suite="DefaultSuite" name="ChunkTest" time="0"/><test suite="DefaultSuite" name="ConsumableTestClass" time="0.001"/><test suite="DefaultSuite" name="GUITestClass" time="0.067"/><test suite="DefaultSuite" name="GUIBoxTestClass" time="0.002"/><test suite="DefaultSuite" name="GUIButtonTestClass" time="0.005"/><test suite="DefaultSuite" name="GUIDropDownTestClass" time="0.004"/><test suite="DefaultSuite" name="ItemTestClass" time="0.002"/><test suite="DefaultSuite" name="ItemDesignerTestClass" time="0.005"/><test suite="DefaultSuite" name="LandscapeTestClass" time="0"/><test suite="DefaultSuite" name="PlayerTestClass" time="0.445"/><test suite="DefaultSuite" name="TileTestClass" time="0"/><test suite="DefaultSuite" name="WeaponTestClass" time="0"/><test suite="DefaultSuite" name="WorldDataTestClass" time="1.899"/><test suite="DefaultSuite" name="WorldManagerTestClass" time="4.014"/><test suite="DefaultSuite" name="ZoneTestClass" time="0"/></unittest-results>